<?xml version="1.0" encoding="UTF-8"?>
<!-- Generated by org.testng.reporters.JUnitReportReporter -->
<testsuite hostname="DESKTOP-V23F7QQ" name="com.datascience.springboot.LoginRegistrationTestClient" tests="1" failures="0" timestamp="29 Mar 2017 01:45:25 GMT" time="0.632" errors="0">
  <testcase name="getUser" time="0.632" classname="com.datascience.springboot.LoginRegistrationTestClient"/>
</testsuite> <!-- com.datascience.springboot.LoginRegistrationTestClient -->
