<?xml version="1.0" encoding="UTF-8"?>
<!-- Generated by org.testng.reporters.JUnitReportReporter -->
<testsuite hostname="DESKTOP-V23F7QQ"
	name="com.datascience.springboot.SpringBootRestTestClient" tests="1"
	failures="0" timestamp="29 Mar 2017 01:42:33 GMT" time="0.522" errors="0">
	<testcase name="getUser" time="0.522"
		classname="com.datascience.springboot.SpringBootRestTestClient" />
</testsuite> <!-- com.datascience.springboot.SpringBootRestTestClient -->
